<?xml version="1.0" encoding="UTF-8"?>
<!-- Generated by org.testng.reporters.JUnitReportReporter -->
<testsuite hostname="CTNDELL5FZVJB3" failures="0" tests="1" name="Rest_Assurd.Test01_GET" time="2.851" errors="0" timestamp="2021-06-29T10:40:41 BRT" skipped="0">
  <testcase classname="Rest_Assurd.Test01_GET" name="test_02" time="2.851"/>
  <system-out/>
</testsuite> <!-- Rest_Assurd.Test01_GET -->
