<?xml version="1.0" encoding="UTF-8"?>
<!-- Generated by org.testng.reporters.JUnitReportReporter -->
<testsuite hostname="CTNDELL5FZVJB3" failures="0" tests="1" name="Rest_Assurd.Test_POST" time="2.823" errors="0" timestamp="2021-06-29T17:03:51 BRT" skipped="0">
  <testcase classname="Rest_Assurd.Test_POST" name="test_1_POST" time="2.823"/>
  <system-out/>
</testsuite> <!-- Rest_Assurd.Test_POST -->
