<?xml version="1.0" encoding="UTF-8"?>
<!-- Generated by org.testng.reporters.JUnitReportReporter -->
<testsuite hostname="CTNDELL5FZVJB3" failures="0" tests="1" name="Rest_Assurd.Test01_DELETE" time="3.499" errors="0" timestamp="2021-06-28T15:16:07 BRT" skipped="0">
  <testcase classname="Rest_Assurd.Test01_DELETE" name="test_01_DELETE" time="3.499"/>
  <system-out/>
</testsuite> <!-- Rest_Assurd.Test01_DELETE -->
