<?xml version="1.0" encoding="UTF-8"?>
<!-- Generated by org.testng.reporters.JUnitReportReporter -->
<testsuite hostname="CTNDELL5FZVJB3" failures="0" tests="1" name="Rest_Assurd.Tests_GET" time="3.989" errors="0" timestamp="2021-06-28T13:54:55 BRT" skipped="0">
  <testcase classname="Rest_Assurd.Tests_GET" name="test_1" time="3.989"/>
  <system-out/>
</testsuite> <!-- Rest_Assurd.Tests_GET -->
