<?xml version="1.0" encoding="UTF-8"?>
<!-- Generated by org.testng.reporters.JUnitReportReporter -->
<testsuite hostname="CTNDELL5FZVJB3" failures="0" tests="1" name="Rest_Assurd.Teste" time="4.419" errors="0" timestamp="2021-06-29T16:31:40 BRT" skipped="0">
  <testcase classname="Rest_Assurd.Teste" name="Teste_01_GET" time="4.419"/>
  <system-out/>
</testsuite> <!-- Rest_Assurd.Teste -->
